[2026-05-25 10:06:35] [ez_zp_unverified] http error: cURL error 6: Could not resolve host: payment.zarinpal.com
[2026-05-25 10:06:36] [ez_zp_unverified] http error: cURL error 6: Could not resolve host: payment.zarinpal.com
[2026-05-25 10:06:57] ez_run_thankyou_booking_pipeline: missing product line item order_id=765392
[2026-05-25 10:07:00] ez_run_thankyou_booking_pipeline: missing product line item order_id=765400
[2026-05-25 10:07:34] ez_run_thankyou_booking_pipeline: missing product line item order_id=768546
[2026-05-25 10:07:37] ez_run_thankyou_booking_pipeline: missing product line item order_id=768552
[2026-05-25 10:07:48] ez_run_thankyou_booking_pipeline: missing product line item order_id=768956
[2026-05-25 10:07:49] ez_run_thankyou_booking_pipeline: missing product line item order_id=769077
[2026-05-25 10:07:54] ez_run_thankyou_booking_pipeline: missing product line item order_id=769078
[2026-05-25 10:07:57] Insufficient wallet at pipeline order_id=769093 wallet_share=600000 balance=0
[2026-05-25 10:08:00] Insufficient wallet at pipeline order_id=769138 wallet_share=325000 balance=0
[2026-05-25 10:08:04] Insufficient wallet at pipeline order_id=769193 wallet_share=700000 balance=0
[2026-05-25 10:08:17] Insufficient wallet at pipeline order_id=769206 wallet_share=600000 balance=0
[2026-05-25 10:08:21] Insufficient wallet at pipeline order_id=769221 wallet_share=370000 balance=0
[2026-05-25 10:08:25] Insufficient wallet at pipeline order_id=769223 wallet_share=370000 balance=0
[2026-05-25 10:08:35] Insufficient wallet at pipeline order_id=769251 wallet_share=640000 balance=0
[2026-05-25 10:08:43] Insufficient wallet at pipeline order_id=769265 wallet_share=20000 balance=0
[2026-05-25 10:08:46] Insufficient wallet at pipeline order_id=769291 wallet_share=660000 balance=0
[2026-05-25 10:08:56] Insufficient wallet at pipeline order_id=769328 wallet_share=290000 balance=0
[2026-05-25 10:09:11] Insufficient wallet at pipeline order_id=769340 wallet_share=760000 balance=0
[2026-05-25 10:09:18] Insufficient wallet at pipeline order_id=769358 wallet_share=300000 balance=200000
[2026-05-25 10:09:24] Insufficient wallet at pipeline order_id=769377 wallet_share=350000 balance=0
[2026-05-25 10:09:30] Insufficient wallet at pipeline order_id=769401 wallet_share=400000 balance=0
[2026-05-25 10:09:35] Insufficient wallet at pipeline order_id=769547 wallet_share=600000 balance=0
[2026-05-25 10:09:44] Insufficient wallet at pipeline order_id=769701 wallet_share=600000 balance=0
[2026-05-25 10:09:48] Insufficient wallet at pipeline order_id=769733 wallet_share=20000 balance=0
[2026-05-25 10:09:51] Insufficient wallet at pipeline order_id=769741 wallet_share=820000 balance=0
[2026-05-25 10:09:56] Insufficient wallet at pipeline order_id=769750 wallet_share=50000 balance=0
[2026-05-25 10:10:03] Insufficient wallet at pipeline order_id=769790 wallet_share=200000 balance=0
[2026-05-25 10:10:07] Insufficient wallet at pipeline order_id=769791 wallet_share=780000 balance=0
[2026-05-25 10:10:10] Insufficient wallet at pipeline order_id=769815 wallet_share=760000 balance=0
[2026-05-25 10:10:16] Insufficient wallet at pipeline order_id=769912 wallet_share=70000 balance=0
[2026-05-25 12:32:59] zp_unverified_main: no order for authority A00000000000
[2026-05-25 12:32:59] zp_unverified_main: no order for authority A00000000000
[2026-05-25 12:32:59] zp_unverified_main: no order for authority A00000000000
[2026-05-25 12:33:00] zp_unverified_main: no order for authority A00000000000
[2026-05-25 12:37:53] zp_unverified_main: no order for authority A00000000000
[2026-05-25 12:37:53] zp_unverified_main: no order for authority A00000000000
[2026-05-25 12:37:53] zp_unverified_main: no order for authority A00000000000
[2026-05-25 12:37:54] zp_unverified_main: no order for authority A00000000000
[2026-05-25 12:38:51] zp_unverified_main: no order for authority A00000000000
[2026-05-25 12:38:51] zp_unverified_main: no order for authority A00000000000
[2026-05-25 12:38:51] zp_unverified_main: no order for authority A00000000000
[2026-05-25 12:38:51] zp_unverified_main: no order for authority A00000000000
[2026-05-25 12:42:02] zp_unverified_main: no order for authority A00000000000
[2026-05-25 12:42:02] zp_unverified_main: no order for authority A00000000000
[2026-05-25 12:42:02] zp_unverified_main: no order for authority A00000000000
[2026-05-25 12:42:02] zp_unverified_main: no order for authority A00000000000
[2026-05-25 12:43:08] zp_unverified_main: no order for authority A00000000000
[2026-05-25 12:43:08] zp_unverified_main: no order for authority A00000000000
[2026-05-25 12:43:08] zp_unverified_main: no order for authority A00000000000
[2026-05-25 12:43:08] zp_unverified_main: no order for authority A00000000000
[2026-05-25 12:43:19] ez_run_thankyou_booking_pipeline: missing product line item order_id=765392
[2026-05-25 12:43:27] ez_run_thankyou_booking_pipeline: missing product line item order_id=765400
[2026-05-25 12:44:17] ez_run_thankyou_booking_pipeline: missing product line item order_id=768546
[2026-05-25 12:44:29] ez_run_thankyou_booking_pipeline: missing product line item order_id=768552
[2026-05-25 12:44:54] ez_run_thankyou_booking_pipeline: missing product line item order_id=768956
[2026-05-25 12:45:14] ez_run_thankyou_booking_pipeline: missing product line item order_id=769077
[2026-05-25 12:45:25] ez_run_thankyou_booking_pipeline: missing product line item order_id=769078
[2026-05-25 12:45:28] [ez_zp_unverified] http error: cURL error 6: Could not resolve host: payment.zarinpal.com
[2026-05-25 12:45:44] Insufficient wallet at pipeline order_id=770107 wallet_share=600000 balance=0
[2026-05-25 12:45:50] ez_run_thankyou_booking_pipeline: missing product line item order_id=765392
[2026-05-25 12:46:01] ez_run_thankyou_booking_pipeline: missing product line item order_id=765400
[2026-05-25 12:46:57] ez_run_thankyou_booking_pipeline: missing product line item order_id=768546
[2026-05-25 12:46:58] Insufficient wallet at pipeline order_id=770169 wallet_share=500000 balance=0
[2026-05-25 12:47:15] ez_run_thankyou_booking_pipeline: missing product line item order_id=768552
[2026-05-25 12:47:28] Insufficient wallet at pipeline order_id=770279 wallet_share=600000 balance=0
[2026-05-25 12:47:45] ez_run_thankyou_booking_pipeline: missing product line item order_id=768956
[2026-05-25 12:47:45] zp_unverified_main: no order for authority A00000000000
[2026-05-25 12:47:45] zp_unverified_main: no order for authority A00000000000
[2026-05-25 12:47:46] zp_unverified_main: no order for authority A00000000000
[2026-05-25 12:47:46] zp_unverified_main: no order for authority A00000000000
[2026-05-25 12:47:54] Insufficient wallet at pipeline order_id=770336 wallet_share=580000 balance=0
[2026-05-25 12:48:00] ez_run_thankyou_booking_pipeline: missing product line item order_id=769077
[2026-05-25 12:48:10] ez_run_thankyou_booking_pipeline: missing product line item order_id=765392
[2026-05-25 12:48:15] ez_run_thankyou_booking_pipeline: missing product line item order_id=769078
[2026-05-25 12:48:24] ez_run_thankyou_booking_pipeline: missing product line item order_id=765400
[2026-05-25 12:48:49] Insufficient wallet at pipeline order_id=770598 wallet_share=350000 balance=0
[2026-05-25 12:49:19] ez_run_thankyou_booking_pipeline: missing product line item order_id=768546
[2026-05-25 12:49:19] Insufficient wallet at pipeline order_id=770607 wallet_share=460000 balance=0
[2026-05-25 12:49:27] ez_run_thankyou_booking_pipeline: missing product line item order_id=768552
[2026-05-25 12:50:02] ez_run_thankyou_booking_pipeline: missing product line item order_id=768956
[2026-05-25 12:50:15] ez_run_thankyou_booking_pipeline: missing product line item order_id=765392
[2026-05-25 12:50:15] ez_run_thankyou_booking_pipeline: missing product line item order_id=769077
[2026-05-25 12:50:19] zp_unverified_main: no order for authority A00000000000
[2026-05-25 12:50:19] zp_unverified_main: no order for authority A00000000000
[2026-05-25 12:50:19] zp_unverified_main: no order for authority A00000000000
[2026-05-25 12:50:19] zp_unverified_main: no order for authority A00000000000
[2026-05-25 12:50:33] ez_run_thankyou_booking_pipeline: missing product line item order_id=765400
[2026-05-25 12:50:33] ez_run_thankyou_booking_pipeline: missing product line item order_id=769078
[2026-05-25 12:51:38] [ez_zp_unverified] http error: cURL error 6: Could not resolve host: payment.zarinpal.com
[2026-05-25 12:51:43] ez_run_thankyou_booking_pipeline: missing product line item order_id=768546
[2026-05-25 12:52:01] ez_run_thankyou_booking_pipeline: missing product line item order_id=765392
[2026-05-25 12:52:04] ez_run_thankyou_booking_pipeline: missing product line item order_id=765392
[2026-05-25 12:52:08] ez_run_thankyou_booking_pipeline: missing product line item order_id=768552
[2026-05-25 12:52:52] ez_run_thankyou_booking_pipeline: missing product line item order_id=765400
[2026-05-25 12:52:53] ez_run_thankyou_booking_pipeline: missing product line item order_id=765400
[2026-05-25 12:53:02] ez_run_thankyou_booking_pipeline: missing product line item order_id=768956
[2026-05-25 12:53:24] ez_run_thankyou_booking_pipeline: missing product line item order_id=769077
[2026-05-25 12:53:25] Insufficient wallet at pipeline order_id=770726 wallet_share=640000 balance=0
[2026-05-25 12:53:51] ez_run_thankyou_booking_pipeline: missing product line item order_id=769078
[2026-05-25 12:54:05] ez_run_thankyou_booking_pipeline: missing product line item order_id=768546
[2026-05-25 12:54:07] ez_run_thankyou_booking_pipeline: missing product line item order_id=768546
[2026-05-25 12:54:28] ez_run_thankyou_booking_pipeline: missing product line item order_id=768552
[2026-05-25 12:54:28] ez_run_thankyou_booking_pipeline: missing product line item order_id=768552
[2026-05-25 12:54:31] [ez_zp_unverified] http error: cURL error 6: Could not resolve host: payment.zarinpal.com
[2026-05-25 12:54:31] [ez_zp_unverified] http error: cURL error 6: Could not resolve host: payment.zarinpal.com
[2026-05-25 12:54:31] [ez_zp_unverified] http error: cURL error 6: Could not resolve host: payment.zarinpal.com
[2026-05-25 12:54:48] [ez_zp_unverified] http error: cURL error 6: Could not resolve host: payment.zarinpal.com
[2026-05-25 12:55:24] ez_run_thankyou_booking_pipeline: missing product line item order_id=768956
[2026-05-25 12:55:25] ez_run_thankyou_booking_pipeline: missing product line item order_id=768956
[2026-05-25 12:55:29] Insufficient wallet at pipeline order_id=770753 wallet_share=600000 balance=500000
[2026-05-25 12:55:46] ez_run_thankyou_booking_pipeline: missing product line item order_id=769077
[2026-05-25 12:55:48] ez_run_thankyou_booking_pipeline: missing product line item order_id=769077
[2026-05-25 12:56:02] ez_run_thankyou_booking_pipeline: missing product line item order_id=765392
[2026-05-25 12:56:03] ez_run_thankyou_booking_pipeline: missing product line item order_id=769078
[2026-05-25 12:56:16] ez_run_thankyou_booking_pipeline: missing product line item order_id=769078
[2026-05-25 12:56:28] ez_run_thankyou_booking_pipeline: missing product line item order_id=765400
[2026-05-25 12:57:17] zp_unverified_main: no order for authority A00000000000
[2026-05-25 12:57:17] zp_unverified_main: no order for authority A00000000000
[2026-05-25 12:57:17] zp_unverified_main: no order for authority A00000000000
[2026-05-25 12:57:17] zp_unverified_main: no order for authority A00000000000
[2026-05-25 12:57:19] zp_unverified_main: no order for authority A00000000000
[2026-05-25 12:57:19] zp_unverified_main: no order for authority A00000000000
[2026-05-25 12:57:19] zp_unverified_main: no order for authority A00000000000
[2026-05-25 12:57:20] zp_unverified_main: no order for authority A00000000000
[2026-05-25 12:57:20] ez_run_thankyou_booking_pipeline: missing product line item order_id=765392
[2026-05-25 12:57:23] zp_unverified_main: no order for authority A00000000000
[2026-05-25 12:57:23] zp_unverified_main: no order for authority A00000000000
[2026-05-25 12:57:23] zp_unverified_main: no order for authority A00000000000
[2026-05-25 12:57:23] zp_unverified_main: no order for authority A00000000000
[2026-05-25 12:57:39] ez_run_thankyou_booking_pipeline: missing product line item order_id=768546
[2026-05-25 12:57:42] ez_run_thankyou_booking_pipeline: missing product line item order_id=765400
[2026-05-25 12:58:02] ez_run_thankyou_booking_pipeline: missing product line item order_id=768552
[2026-05-25 12:58:29] zp_unverified_main: no order for authority A00000000000
[2026-05-25 12:58:29] zp_unverified_main: no order for authority A00000000000
[2026-05-25 12:58:29] zp_unverified_main: no order for authority A00000000000
[2026-05-25 12:58:29] zp_unverified_main: no order for authority A00000000000
[2026-05-25 12:58:33] zp_unverified_main: no order for authority A00000000000
[2026-05-25 12:58:33] zp_unverified_main: no order for authority A00000000000
[2026-05-25 12:58:33] zp_unverified_main: no order for authority A00000000000
[2026-05-25 12:58:33] zp_unverified_main: no order for authority A00000000000
[2026-05-25 12:58:33] zp_unverified_main: no order for authority A00000000000
[2026-05-25 12:58:33] zp_unverified_main: no order for authority A00000000000
[2026-05-25 12:58:34] zp_unverified_main: no order for authority A00000000000
[2026-05-25 12:58:34] zp_unverified_main: no order for authority A00000000000
[2026-05-25 12:58:36] zp_unverified_main: no order for authority A00000000000
[2026-05-25 12:58:36] zp_unverified_main: no order for authority A00000000000
[2026-05-25 12:58:36] zp_unverified_main: no order for authority A00000000000
[2026-05-25 12:58:36] zp_unverified_main: no order for authority A00000000000
[2026-05-25 12:58:37] zp_unverified_main: no order for authority A00000000000
[2026-05-25 12:58:37] zp_unverified_main: no order for authority A00000000000
[2026-05-25 12:58:37] zp_unverified_main: no order for authority A00000000000
[2026-05-25 12:58:37] zp_unverified_main: no order for authority A00000000000
[2026-05-25 12:58:37] zp_unverified_main: no order for authority A00000000000
[2026-05-25 12:58:37] zp_unverified_main: no order for authority A00000000000
[2026-05-25 12:58:37] zp_unverified_main: no order for authority A00000000000
[2026-05-25 12:58:37] zp_unverified_main: no order for authority A00000000000
[2026-05-25 12:58:38] zp_unverified_main: no order for authority A00000000000
[2026-05-25 12:58:38] zp_unverified_main: no order for authority A00000000000
[2026-05-25 12:58:38] zp_unverified_main: no order for authority A00000000000
[2026-05-25 12:58:38] zp_unverified_main: no order for authority A00000000000
[2026-05-25 12:58:55] ez_run_thankyou_booking_pipeline: missing product line item order_id=768956
[2026-05-25 12:58:56] ez_run_thankyou_booking_pipeline: missing product line item order_id=768546
[2026-05-25 12:59:25] ez_run_thankyou_booking_pipeline: missing product line item order_id=769077
[2026-05-25 12:59:48] ez_run_thankyou_booking_pipeline: missing product line item order_id=768552
[2026-05-25 13:00:06] ez_run_thankyou_booking_pipeline: missing product line item order_id=769078
[2026-05-25 13:00:24] [ez_zp_unverified] http error: cURL error 6: Could not resolve host: payment.zarinpal.com
[2026-05-25 13:00:30] ez_run_thankyou_booking_pipeline: missing product line item order_id=768956
[2026-05-25 13:00:48] ez_run_thankyou_booking_pipeline: missing product line item order_id=765392
[2026-05-25 13:01:04] ez_run_thankyou_booking_pipeline: missing product line item order_id=769077
[2026-05-25 13:01:09] zp_unverified_main: no order for authority A00000000000
[2026-05-25 13:01:09] zp_unverified_main: no order for authority A00000000000
[2026-05-25 13:01:09] zp_unverified_main: no order for authority A00000000000
[2026-05-25 13:01:09] zp_unverified_main: no order for authority A00000000000
[2026-05-25 13:01:23] ez_run_thankyou_booking_pipeline: missing product line item order_id=765400
[2026-05-25 13:01:42] ez_run_thankyou_booking_pipeline: missing product line item order_id=769078
[2026-05-25 13:01:47] [ez_zp_unverified] http error: cURL error 6: Could not resolve host: payment.zarinpal.com
[2026-05-25 13:02:28] zp_unverified_main: no order for authority A00000000000
[2026-05-25 13:02:28] zp_unverified_main: no order for authority A00000000000
[2026-05-25 13:02:28] zp_unverified_main: no order for authority A00000000000
[2026-05-25 13:02:28] zp_unverified_main: no order for authority A00000000000
[2026-05-25 13:02:29] zp_unverified_main: no order for authority A00000000000
[2026-05-25 13:02:29] zp_unverified_main: no order for authority A00000000000
[2026-05-25 13:02:29] ez_run_thankyou_booking_pipeline: missing product line item order_id=765392
[2026-05-25 13:02:29] zp_unverified_main: no order for authority A00000000000
[2026-05-25 13:02:29] zp_unverified_main: no order for authority A00000000000
[2026-05-25 13:02:48] ez_run_thankyou_booking_pipeline: missing product line item order_id=768546
[2026-05-25 13:02:51] zp_unverified_main: no order for authority A00000000000
[2026-05-25 13:02:51] zp_unverified_main: no order for authority A00000000000
[2026-05-25 13:02:51] zp_unverified_main: no order for authority A00000000000
[2026-05-25 13:02:51] zp_unverified_main: no order for authority A00000000000
[2026-05-25 13:02:57] ez_run_thankyou_booking_pipeline: missing product line item order_id=765400
[2026-05-25 13:03:06] ez_run_thankyou_booking_pipeline: missing product line item order_id=768552
[2026-05-25 13:03:52] ez_run_thankyou_booking_pipeline: missing product line item order_id=768956
[2026-05-25 13:04:21] ez_run_thankyou_booking_pipeline: missing product line item order_id=768546
[2026-05-25 13:04:29] ez_run_thankyou_booking_pipeline: missing product line item order_id=769077
[2026-05-25 13:04:54] ez_run_thankyou_booking_pipeline: missing product line item order_id=769078
[2026-05-25 13:05:00] ez_run_thankyou_booking_pipeline: missing product line item order_id=768552
[2026-05-25 13:05:41] ez_run_thankyou_booking_pipeline: missing product line item order_id=768956
[2026-05-25 13:06:20] ez_run_thankyou_booking_pipeline: missing product line item order_id=765392
[2026-05-25 13:06:20] ez_run_thankyou_booking_pipeline: missing product line item order_id=769077
[2026-05-25 13:06:46] ez_run_thankyou_booking_pipeline: missing product line item order_id=765400
[2026-05-25 13:06:48] ez_run_thankyou_booking_pipeline: missing product line item order_id=769078
[2026-05-25 13:07:40] ez_run_thankyou_booking_pipeline: missing product line item order_id=765392
[2026-05-25 13:07:52] ez_run_thankyou_booking_pipeline: missing product line item order_id=768546
[2026-05-25 13:08:15] ez_run_thankyou_booking_pipeline: missing product line item order_id=765400
[2026-05-25 13:08:22] ez_run_thankyou_booking_pipeline: missing product line item order_id=768552
[2026-05-25 13:08:40] zp_unverified_main: no order for authority A00000000000
[2026-05-25 13:08:40] zp_unverified_main: no order for authority A00000000000
[2026-05-25 13:08:40] zp_unverified_main: no order for authority A00000000000
[2026-05-25 13:08:40] zp_unverified_main: no order for authority A00000000000
[2026-05-25 13:09:31] ez_run_thankyou_booking_pipeline: missing product line item order_id=768956
[2026-05-25 13:09:58] ez_run_thankyou_booking_pipeline: missing product line item order_id=768546
[2026-05-25 13:09:58] ez_run_thankyou_booking_pipeline: missing product line item order_id=769077
[2026-05-25 13:10:20] ez_run_thankyou_booking_pipeline: missing product line item order_id=769078
[2026-05-25 13:10:21] ez_run_thankyou_booking_pipeline: missing product line item order_id=768552
[2026-05-25 13:11:01] ez_run_thankyou_booking_pipeline: missing product line item order_id=768956
[2026-05-25 13:11:09] ez_run_thankyou_booking_pipeline: missing product line item order_id=765392
[2026-05-25 13:11:15] ez_run_thankyou_booking_pipeline: missing product line item order_id=769077
[2026-05-25 13:11:17] zp_unverified_main: no order for authority A00000000000
[2026-05-25 13:11:17] zp_unverified_main: no order for authority A00000000000
[2026-05-25 13:11:17] zp_unverified_main: no order for authority A00000000000
[2026-05-25 13:11:17] zp_unverified_main: no order for authority A00000000000
[2026-05-25 13:11:23] ez_run_thankyou_booking_pipeline: missing product line item order_id=765400
[2026-05-25 13:11:32] ez_run_thankyou_booking_pipeline: missing product line item order_id=769078
[2026-05-25 13:12:05] zp_unverified_main: no order for authority A00000000000
[2026-05-25 13:12:05] zp_unverified_main: no order for authority A00000000000
[2026-05-25 13:12:05] zp_unverified_main: no order for authority A00000000000
[2026-05-25 13:12:05] zp_unverified_main: no order for authority A00000000000
[2026-05-25 13:12:12] ez_run_thankyou_booking_pipeline: missing product line item order_id=765392
[2026-05-25 13:12:16] zp_unverified_main: no order for authority A00000000000
[2026-05-25 13:12:16] zp_unverified_main: no order for authority A00000000000
[2026-05-25 13:12:16] zp_unverified_main: no order for authority A00000000000
[2026-05-25 13:12:16] zp_unverified_main: no order for authority A00000000000
[2026-05-25 13:12:26] ez_run_thankyou_booking_pipeline: missing product line item order_id=765400
[2026-05-25 13:12:27] ez_run_thankyou_booking_pipeline: missing product line item order_id=768546
[2026-05-25 13:12:51] ez_run_thankyou_booking_pipeline: missing product line item order_id=768552
[2026-05-25 13:13:31] ez_run_thankyou_booking_pipeline: missing product line item order_id=768546
[2026-05-25 13:13:31] ez_run_thankyou_booking_pipeline: missing product line item order_id=768956
[2026-05-25 13:13:47] ez_run_thankyou_booking_pipeline: missing product line item order_id=769077
[2026-05-25 13:13:48] ez_run_thankyou_booking_pipeline: missing product line item order_id=768552
[2026-05-25 13:13:54] ez_run_thankyou_booking_pipeline: missing product line item order_id=765392
[2026-05-25 13:14:08] ez_run_thankyou_booking_pipeline: missing product line item order_id=769078
[2026-05-25 13:14:12] ez_run_thankyou_booking_pipeline: missing product line item order_id=765400
[2026-05-25 13:14:26] ez_run_thankyou_booking_pipeline: missing product line item order_id=768956
[2026-05-25 13:14:45] zp_unverified_main: no order for authority A00000000000
[2026-05-25 13:14:45] zp_unverified_main: no order for authority A00000000000
[2026-05-25 13:14:45] zp_unverified_main: no order for authority A00000000000
[2026-05-25 13:14:45] zp_unverified_main: no order for authority A00000000000
[2026-05-25 13:14:45] zp_unverified_main: no order for authority A00000000000
[2026-05-25 13:14:45] zp_unverified_main: no order for authority A00000000000
[2026-05-25 13:14:45] zp_unverified_main: no order for authority A00000000000
[2026-05-25 13:14:45] zp_unverified_main: no order for authority A00000000000
[2026-05-25 13:14:52] ez_run_thankyou_booking_pipeline: missing product line item order_id=769077
[2026-05-25 13:15:11] ez_run_thankyou_booking_pipeline: missing product line item order_id=765392
[2026-05-25 13:15:11] ez_run_thankyou_booking_pipeline: missing product line item order_id=769078
[2026-05-25 13:15:17] ez_run_thankyou_booking_pipeline: missing product line item order_id=768546
[2026-05-25 13:15:34] ez_run_thankyou_booking_pipeline: missing product line item order_id=765392
[2026-05-25 13:15:34] ez_run_thankyou_booking_pipeline: missing product line item order_id=765400
[2026-05-25 13:16:00] ez_run_thankyou_booking_pipeline: missing product line item order_id=768552
[2026-05-25 13:16:24] ez_run_thankyou_booking_pipeline: missing product line item order_id=765400
[2026-05-25 13:16:50] ez_run_thankyou_booking_pipeline: missing product line item order_id=768956
[2026-05-25 13:17:03] ez_run_thankyou_booking_pipeline: missing product line item order_id=768546
[2026-05-25 13:17:06] ez_run_thankyou_booking_pipeline: missing product line item order_id=769077
[2026-05-25 13:17:15] ez_run_thankyou_booking_pipeline: missing product line item order_id=765392
[2026-05-25 13:17:26] ez_run_thankyou_booking_pipeline: missing product line item order_id=769078
[2026-05-25 13:17:28] ez_run_thankyou_booking_pipeline: missing product line item order_id=768552
[2026-05-25 13:17:28] ez_run_thankyou_booking_pipeline: missing product line item order_id=768546
[2026-05-25 13:17:28] Insufficient wallet at pipeline order_id=772310 wallet_share=260000 balance=0
[2026-05-25 13:17:35] ez_run_thankyou_booking_pipeline: missing product line item order_id=765392
[2026-05-25 13:17:47] zp_unverified_main: no order for authority A00000000000
[2026-05-25 13:17:47] zp_unverified_main: no order for authority A00000000000
[2026-05-25 13:17:47] zp_unverified_main: no order for authority A00000000000
[2026-05-25 13:17:47] zp_unverified_main: no order for authority A00000000000
[2026-05-25 13:17:47] zp_unverified_main: no order for authority A00000000000
[2026-05-25 13:17:47] zp_unverified_main: no order for authority A00000000000
[2026-05-25 13:17:47] zp_unverified_main: no order for authority A00000000000
[2026-05-25 13:17:47] zp_unverified_main: no order for authority A00000000000
[2026-05-25 13:17:47] zp_unverified_main: no order for authority A00000000000
[2026-05-25 13:17:47] zp_unverified_main: no order for authority A00000000000
[2026-05-25 13:17:47] zp_unverified_main: no order for authority A00000000000
[2026-05-25 13:17:47] zp_unverified_main: no order for authority A00000000000
[2026-05-25 13:17:47] zp_unverified_main: no order for authority A00000000000
[2026-05-25 13:17:47] zp_unverified_main: no order for authority A00000000000
[2026-05-25 13:17:47] zp_unverified_main: no order for authority A00000000000
[2026-05-25 13:17:48] ez_run_thankyou_booking_pipeline: missing product line item order_id=765400
[2026-05-25 13:17:48] zp_unverified_main: no order for authority A00000000000
[2026-05-25 13:17:49] zp_unverified_main: no order for authority A00000000000
[2026-05-25 13:17:49] zp_unverified_main: no order for authority A00000000000
[2026-05-25 13:17:49] zp_unverified_main: no order for authority A00000000000
[2026-05-25 13:17:49] zp_unverified_main: no order for authority A00000000000
[2026-05-25 13:18:10] ez_run_thankyou_booking_pipeline: missing product line item order_id=768552
[2026-05-25 13:18:12] zp_unverified_main: no order for authority A00000000000
[2026-05-25 13:18:12] zp_unverified_main: no order for authority A00000000000
[2026-05-25 13:18:12] zp_unverified_main: no order for authority A00000000000
[2026-05-25 13:18:12] zp_unverified_main: no order for authority A00000000000
[2026-05-25 13:18:12] zp_unverified_main: no order for authority A00000000000
[2026-05-25 13:18:12] zp_unverified_main: no order for authority A00000000000
[2026-05-25 13:18:12] zp_unverified_main: no order for authority A00000000000
[2026-05-25 13:18:12] zp_unverified_main: no order for authority A00000000000
[2026-05-25 13:18:21] ez_run_thankyou_booking_pipeline: missing product line item order_id=768956
[2026-05-25 13:18:21] ez_run_thankyou_booking_pipeline: missing product line item order_id=765400
[2026-05-25 13:19:05] ez_run_thankyou_booking_pipeline: missing product line item order_id=769077
[2026-05-25 13:19:18] ez_run_thankyou_booking_pipeline: missing product line item order_id=768956
[2026-05-25 13:19:25] ez_run_thankyou_booking_pipeline: missing product line item order_id=768546
[2026-05-25 13:19:28] ez_run_thankyou_booking_pipeline: missing product line item order_id=769078
[2026-05-25 13:19:40] ez_run_thankyou_booking_pipeline: missing product line item order_id=769077
[2026-05-25 13:19:40] [ez_zp_unverified] http error: cURL error 6: Could not resolve host: payment.zarinpal.com
[2026-05-25 13:19:46] ez_run_thankyou_booking_pipeline: missing product line item order_id=768546
[2026-05-25 13:19:52] ez_run_thankyou_booking_pipeline: missing product line item order_id=768552
[2026-05-25 13:20:01] ez_run_thankyou_booking_pipeline: missing product line item order_id=769078
[2026-05-25 13:20:06] ez_run_thankyou_booking_pipeline: missing product line item order_id=768552
[2026-05-25 13:20:06] Insufficient wallet at pipeline order_id=779587 wallet_share=10000 balance=0
[2026-05-25 13:20:29] ez_run_thankyou_booking_pipeline: missing product line item order_id=768956
[2026-05-25 13:20:30] ez_run_thankyou_booking_pipeline: missing product line item order_id=765392
[2026-05-25 13:20:41] zp_unverified_main: no order for authority A00000000000
[2026-05-25 13:20:41] zp_unverified_main: no order for authority A00000000000
[2026-05-25 13:20:41] zp_unverified_main: no order for authority A00000000000
[2026-05-25 13:20:41] zp_unverified_main: no order for authority A00000000000
[2026-05-25 13:20:41] zp_unverified_main: no order for authority A00000000000
[2026-05-25 13:20:41] zp_unverified_main: no order for authority A00000000000
[2026-05-25 13:20:41] zp_unverified_main: no order for authority A00000000000
[2026-05-25 13:20:41] zp_unverified_main: no order for authority A00000000000
[2026-05-25 13:20:45] ez_run_thankyou_booking_pipeline: missing product line item order_id=768956
[2026-05-25 13:20:45] zp_unverified_main: no order for authority A00000000000
[2026-05-25 13:20:45] zp_unverified_main: no order for authority A00000000000
[2026-05-25 13:20:46] zp_unverified_main: no order for authority A00000000000
[2026-05-25 13:20:46] zp_unverified_main: no order for authority A00000000000
[2026-05-25 13:20:50] zp_unverified_main: no order for authority A00000000000
[2026-05-25 13:20:50] zp_unverified_main: no order for authority A00000000000
[2026-05-25 13:20:50] zp_unverified_main: no order for authority A00000000000
[2026-05-25 13:20:50] zp_unverified_main: no order for authority A00000000000
[2026-05-25 13:20:53] ez_run_thankyou_booking_pipeline: missing product line item order_id=765392
[2026-05-25 13:20:56] ez_run_thankyou_booking_pipeline: missing product line item order_id=765400
[2026-05-25 13:20:56] ez_run_thankyou_booking_pipeline: missing product line item order_id=769077
[2026-05-25 13:20:58] zp_unverified_main: no order for authority A00000000000
[2026-05-25 13:20:58] zp_unverified_main: no order for authority A00000000000
[2026-05-25 13:20:58] zp_unverified_main: no order for authority A00000000000
[2026-05-25 13:20:58] zp_unverified_main: no order for authority A00000000000
[2026-05-25 13:21:05] ez_run_thankyou_booking_pipeline: missing product line item order_id=769077
[2026-05-25 13:21:09] ez_run_thankyou_booking_pipeline: missing product line item order_id=765400
[2026-05-25 13:21:10] ez_run_thankyou_booking_pipeline: missing product line item order_id=769078
[2026-05-25 13:21:21] ez_run_thankyou_booking_pipeline: missing product line item order_id=769078
[2026-05-25 13:22:06] ez_run_thankyou_booking_pipeline: missing product line item order_id=768546
[2026-05-25 13:22:06] ez_run_thankyou_booking_pipeline: missing product line item order_id=765392
[2026-05-25 13:22:19] ez_run_thankyou_booking_pipeline: missing product line item order_id=768546
[2026-05-25 13:22:20] ez_run_thankyou_booking_pipeline: missing product line item order_id=765400
[2026-05-25 13:22:22] [ez_zp_unverified] http error: cURL error 6: Could not resolve host: payment.zarinpal.com
[2026-05-25 13:22:25] ez_run_thankyou_booking_pipeline: missing product line item order_id=768552
[2026-05-25 13:22:49] ez_run_thankyou_booking_pipeline: missing product line item order_id=768552
[2026-05-25 13:23:06] ez_run_thankyou_booking_pipeline: missing product line item order_id=768956
[2026-05-25 13:23:16] [ez_zp_unverified] http error: cURL error 6: Could not resolve host: payment.zarinpal.com
[2026-05-25 13:23:26] ez_run_thankyou_booking_pipeline: missing product line item order_id=768546
[2026-05-25 13:23:26] ez_run_thankyou_booking_pipeline: missing product line item order_id=768956
[2026-05-25 13:23:27] ez_run_thankyou_booking_pipeline: missing product line item order_id=769077
[2026-05-25 13:23:30] [ez_zp_unverified] http error: cURL error 6: Could not resolve host: payment.zarinpal.com
[2026-05-25 13:23:30] ez_run_thankyou_booking_pipeline: missing product line item order_id=765392
[2026-05-25 13:23:31] [ez_zp_unverified] http error: cURL error 6: Could not resolve host: payment.zarinpal.com
[2026-05-25 13:23:46] ez_run_thankyou_booking_pipeline: missing product line item order_id=768552
[2026-05-25 13:23:46] ez_run_thankyou_booking_pipeline: missing product line item order_id=769078
[2026-05-25 13:23:46] ez_run_thankyou_booking_pipeline: missing product line item order_id=769077
[2026-05-25 13:23:51] ez_run_thankyou_booking_pipeline: missing product line item order_id=765400
[2026-05-25 13:24:02] ez_run_thankyou_booking_pipeline: missing product line item order_id=765392
[2026-05-25 13:24:09] ez_run_thankyou_booking_pipeline: missing product line item order_id=769078
[2026-05-25 13:24:25] ez_run_thankyou_booking_pipeline: missing product line item order_id=765400
[2026-05-25 13:24:26] ez_run_thankyou_booking_pipeline: missing product line item order_id=768956
[2026-05-25 13:24:33] [ez_zp_unverified] http error: cURL error 6: Could not resolve host: payment.zarinpal.com
[2026-05-25 13:24:33] [ez_zp_unverified] http error: cURL error 6: Could not resolve host: payment.zarinpal.com
[2026-05-25 13:24:33] [ez_zp_unverified] http error: cURL error 6: Could not resolve host: payment.zarinpal.com
[2026-05-25 13:24:45] zp_unverified_main: no order for authority A00000000000
[2026-05-25 13:24:45] zp_unverified_main: no order for authority A00000000000
[2026-05-25 13:24:45] zp_unverified_main: no order for authority A00000000000
[2026-05-25 13:24:45] zp_unverified_main: no order for authority A00000000000
[2026-05-25 13:24:46] zp_unverified_main: no order for authority A00000000000
[2026-05-25 13:24:46] zp_unverified_main: no order for authority A00000000000
[2026-05-25 13:24:46] zp_unverified_main: no order for authority A00000000000
[2026-05-25 13:24:46] zp_unverified_main: no order for authority A00000000000
[2026-05-25 13:24:56] ez_run_thankyou_booking_pipeline: missing product line item order_id=769077
[2026-05-25 13:25:04] ez_run_thankyou_booking_pipeline: missing product line item order_id=768546
[2026-05-25 13:25:14] ez_run_thankyou_booking_pipeline: missing product line item order_id=769078
[2026-05-25 13:25:27] ez_run_thankyou_booking_pipeline: missing product line item order_id=768552
[2026-05-25 13:25:53] ez_run_thankyou_booking_pipeline: missing product line item order_id=768546
[2026-05-25 13:26:21] ez_run_thankyou_booking_pipeline: missing product line item order_id=768956
[2026-05-25 13:26:24] ez_run_thankyou_booking_pipeline: missing product line item order_id=768552
[2026-05-25 13:26:45] ez_run_thankyou_booking_pipeline: missing product line item order_id=769077
[2026-05-25 13:27:03] Insufficient wallet at pipeline order_id=805950 wallet_share=840000 balance=0
[2026-05-25 13:27:04] ez_run_thankyou_booking_pipeline: missing product line item order_id=768956
[2026-05-25 13:27:22] ez_run_thankyou_booking_pipeline: missing product line item order_id=769078
[2026-05-25 13:27:28] zp_unverified_main: no order for authority A00000000000
[2026-05-25 13:27:28] zp_unverified_main: no order for authority A00000000000
[2026-05-25 13:27:28] zp_unverified_main: no order for authority A00000000000
[2026-05-25 13:27:28] zp_unverified_main: no order for authority A00000000000
[2026-05-25 13:27:28] zp_unverified_main: no order for authority A00000000000
[2026-05-25 13:27:28] zp_unverified_main: no order for authority A00000000000
[2026-05-25 13:27:28] zp_unverified_main: no order for authority A00000000000
[2026-05-25 13:27:28] zp_unverified_main: no order for authority A00000000000
[2026-05-25 13:27:28] zp_unverified_main: no order for authority A00000000000
[2026-05-25 13:27:28] zp_unverified_main: no order for authority A00000000000
[2026-05-25 13:27:28] zp_unverified_main: no order for authority A00000000000
[2026-05-25 13:27:28] zp_unverified_main: no order for authority A00000000000
[2026-05-25 13:27:30] zp_unverified_main: no order for authority A00000000000
[2026-05-25 13:27:30] zp_unverified_main: no order for authority A00000000000
[2026-05-25 13:27:30] zp_unverified_main: no order for authority A00000000000
[2026-05-25 13:27:30] zp_unverified_main: no order for authority A00000000000
[2026-05-25 13:27:40] ez_run_thankyou_booking_pipeline: missing product line item order_id=769077
[2026-05-25 13:27:48] zp_unverified_main: no order for authority A00000000000
[2026-05-25 13:27:48] zp_unverified_main: no order for authority A00000000000
[2026-05-25 13:27:48] zp_unverified_main: no order for authority A00000000000
[2026-05-25 13:27:48] zp_unverified_main: no order for authority A00000000000
[2026-05-25 13:27:53] zp_unverified_main: no order for authority A00000000000
[2026-05-25 13:27:53] zp_unverified_main: no order for authority A00000000000
[2026-05-25 13:27:53] zp_unverified_main: no order for authority A00000000000
[2026-05-25 13:27:53] zp_unverified_main: no order for authority A00000000000
[2026-05-25 13:27:58] ez_run_thankyou_booking_pipeline: missing product line item order_id=765392
[2026-05-25 13:28:03] ez_run_thankyou_booking_pipeline: missing product line item order_id=769078
[2026-05-25 13:28:20] ez_run_thankyou_booking_pipeline: missing product line item order_id=765400
[2026-05-25 13:29:59] ez_run_thankyou_booking_pipeline: missing product line item order_id=768546
[2026-05-25 13:30:02] ez_run_thankyou_booking_pipeline: missing product line item order_id=765392
[2026-05-25 13:30:23] ez_run_thankyou_booking_pipeline: missing product line item order_id=768552
[2026-05-25 13:30:26] ez_run_thankyou_booking_pipeline: missing product line item order_id=765400
[2026-05-25 13:31:04] ez_run_thankyou_booking_pipeline: missing product line item order_id=768956
[2026-05-25 13:31:06] ez_run_thankyou_booking_pipeline: missing product line item order_id=765392
[2026-05-25 13:31:08] [ez_zp_unverified] http error: cURL error 6: Could not resolve host: payment.zarinpal.com
[2026-05-25 13:31:09] zp_unverified_main: no order for authority A00000000000
[2026-05-25 13:31:09] zp_unverified_main: no order for authority A00000000000
[2026-05-25 13:31:09] zp_unverified_main: no order for authority A00000000000
[2026-05-25 13:31:09] zp_unverified_main: no order for authority A00000000000
[2026-05-25 13:31:12] zp_unverified_main: no order for authority A00000000000
[2026-05-25 13:31:12] zp_unverified_main: no order for authority A00000000000
[2026-05-25 13:31:12] zp_unverified_main: no order for authority A00000000000
[2026-05-25 13:31:12] zp_unverified_main: no order for authority A00000000000
[2026-05-25 13:31:13] zp_unverified_main: no order for authority A00000000000
[2026-05-25 13:31:13] zp_unverified_main: no order for authority A00000000000
[2026-05-25 13:31:13] zp_unverified_main: no order for authority A00000000000
[2026-05-25 13:31:13] zp_unverified_main: no order for authority A00000000000
[2026-05-25 13:31:33] zp_unverified_main: no order for authority A00000000000
[2026-05-25 13:31:33] zp_unverified_main: no order for authority A00000000000
[2026-05-25 13:31:33] zp_unverified_main: no order for authority A00000000000
[2026-05-25 13:31:33] zp_unverified_main: no order for authority A00000000000
[2026-05-25 13:31:52] ez_run_thankyou_booking_pipeline: missing product line item order_id=769077
[2026-05-25 13:31:52] ez_run_thankyou_booking_pipeline: missing product line item order_id=765400
[2026-05-25 13:32:04] ez_run_thankyou_booking_pipeline: missing product line item order_id=768546
[2026-05-25 13:32:08] ez_run_thankyou_booking_pipeline: missing product line item order_id=768552
[2026-05-25 13:32:28] ez_run_thankyou_booking_pipeline: missing product line item order_id=769078
[2026-05-25 13:32:47] zp_unverified_main: no order for authority A00000000000
[2026-05-25 13:32:47] zp_unverified_main: no order for authority A00000000000
[2026-05-25 13:32:48] zp_unverified_main: no order for authority A00000000000
[2026-05-25 13:32:48] zp_unverified_main: no order for authority A00000000000
[2026-05-25 13:32:52] ez_run_thankyou_booking_pipeline: missing product line item order_id=768956
[2026-05-25 13:33:05] ez_run_thankyou_booking_pipeline: missing product line item order_id=768546
[2026-05-25 13:33:12] ez_run_thankyou_booking_pipeline: missing product line item order_id=765392
[2026-05-25 13:33:27] ez_run_thankyou_booking_pipeline: missing product line item order_id=769077
[2026-05-25 13:33:27] ez_run_thankyou_booking_pipeline: missing product line item order_id=768552
[2026-05-25 13:33:51] [ez_zp_unverified] http error: cURL error 6: Could not resolve host: payment.zarinpal.com
[2026-05-25 13:33:51] [ez_zp_unverified] http error: cURL error 6: Could not resolve host: payment.zarinpal.com
[2026-05-25 13:33:52] ez_run_thankyou_booking_pipeline: missing product line item order_id=765400
[2026-05-25 13:33:53] [ez_zp_unverified] http error: cURL error 6: Could not resolve host: payment.zarinpal.com
[2026-05-25 13:33:57] ez_run_thankyou_booking_pipeline: missing product line item order_id=769078
[2026-05-25 13:34:12] ez_run_thankyou_booking_pipeline: missing product line item order_id=768956
[2026-05-25 13:34:25] ez_run_thankyou_booking_pipeline: missing product line item order_id=765392
[2026-05-25 13:34:45] ez_run_thankyou_booking_pipeline: missing product line item order_id=769077
[2026-05-25 13:35:14] ez_run_thankyou_booking_pipeline: missing product line item order_id=765400
[2026-05-25 13:35:37] ez_run_thankyou_booking_pipeline: missing product line item order_id=768546
[2026-05-25 13:35:38] ez_run_thankyou_booking_pipeline: missing product line item order_id=769078
[2026-05-25 13:49:21] ez_run_thankyou_booking_pipeline: missing product line item order_id=765392
[2026-05-25 13:49:23] ez_run_thankyou_booking_pipeline: missing product line item order_id=765400
[2026-05-25 13:49:51] ez_run_thankyou_booking_pipeline: missing product line item order_id=768546
[2026-05-25 13:49:53] ez_run_thankyou_booking_pipeline: missing product line item order_id=768552
[2026-05-25 13:50:02] ez_run_thankyou_booking_pipeline: missing product line item order_id=768956
[2026-05-25 13:50:03] ez_run_thankyou_booking_pipeline: missing product line item order_id=769077
[2026-05-25 13:50:05] ez_run_thankyou_booking_pipeline: missing product line item order_id=769078
[2026-05-25 13:51:03] zp_unverified_main: no order for authority A00000000000
[2026-05-25 13:51:03] zp_unverified_main: no order for authority A00000000000
[2026-05-25 13:51:03] zp_unverified_main: no order for authority A00000000000
[2026-05-25 13:51:03] zp_unverified_main: no order for authority A00000000000
[2026-05-25 13:51:45] ez_run_thankyou_booking_pipeline: missing product line item order_id=765392
[2026-05-25 13:51:46] ez_run_thankyou_booking_pipeline: missing product line item order_id=765400
[2026-05-25 13:52:13] ez_run_thankyou_booking_pipeline: missing product line item order_id=768546
[2026-05-25 13:52:15] ez_run_thankyou_booking_pipeline: missing product line item order_id=768552
[2026-05-25 13:52:23] ez_run_thankyou_booking_pipeline: missing product line item order_id=768956
[2026-05-25 13:52:28] ez_run_thankyou_booking_pipeline: missing product line item order_id=769077
[2026-05-25 13:52:30] ez_run_thankyou_booking_pipeline: missing product line item order_id=769078
[2026-05-25 14:17:06] ez_run_thankyou_booking_pipeline: missing product line item order_id=765392
[2026-05-25 14:17:09] ez_run_thankyou_booking_pipeline: missing product line item order_id=765400
[2026-05-25 14:17:52] ez_run_thankyou_booking_pipeline: missing product line item order_id=768546
[2026-05-25 14:17:55] ez_run_thankyou_booking_pipeline: missing product line item order_id=768552
[2026-05-25 14:18:14] ez_run_thankyou_booking_pipeline: missing product line item order_id=768956
[2026-05-25 14:18:17] ez_run_thankyou_booking_pipeline: missing product line item order_id=769077
[2026-05-25 14:18:20] zp_unverified_main: no order for authority A00000000000
[2026-05-25 14:18:20] zp_unverified_main: no order for authority A00000000000
[2026-05-25 14:18:20] zp_unverified_main: no order for authority A00000000000
[2026-05-25 14:18:20] zp_unverified_main: no order for authority A00000000000
[2026-05-25 14:18:20] zp_unverified_main: no order for authority A00000000000
[2026-05-25 14:18:20] zp_unverified_main: no order for authority A00000000000
[2026-05-25 14:18:20] ez_run_thankyou_booking_pipeline: missing product line item order_id=769078
[2026-05-25 14:18:24] zp_unverified_main: no order for authority A00000000000
[2026-05-25 14:18:24] zp_unverified_main: no order for authority A00000000000
[2026-05-25 14:18:24] zp_unverified_main: no order for authority A00000000000
[2026-05-25 14:18:24] zp_unverified_main: no order for authority A00000000000
[2026-05-25 14:18:24] zp_unverified_main: no order for authority A00000000000
[2026-05-25 14:18:24] zp_unverified_main: no order for authority A00000000000
[2026-05-25 14:18:26] zp_unverified_main: no order for authority A00000000000
[2026-05-25 14:18:26] zp_unverified_main: no order for authority A00000000000
[2026-05-25 14:18:26] zp_unverified_main: no order for authority A00000000000
[2026-05-25 14:18:26] zp_unverified_main: no order for authority A00000000000
[2026-05-25 14:18:26] zp_unverified_main: no order for authority A00000000000
[2026-05-25 14:18:26] zp_unverified_main: no order for authority A00000000000
[2026-05-25 15:47:19] ez_run_thankyou_booking_pipeline: missing product line item order_id=765392
[2026-05-25 15:47:22] ez_run_thankyou_booking_pipeline: missing product line item order_id=765400
[2026-05-25 15:47:45] ez_run_thankyou_booking_pipeline: missing product line item order_id=768546
[2026-05-25 15:47:47] ez_run_thankyou_booking_pipeline: missing product line item order_id=768552
[2026-05-25 15:47:54] ez_run_thankyou_booking_pipeline: missing product line item order_id=768956
[2026-05-25 15:47:56] ez_run_thankyou_booking_pipeline: missing product line item order_id=769077
[2026-05-25 15:47:57] ez_run_thankyou_booking_pipeline: missing product line item order_id=769078
[2026-05-25 15:48:23] [ez_zp_unverified] http error: cURL error 6: Could not resolve host: payment.zarinpal.com
[2026-05-25 15:52:00] ez_run_thankyou_booking_pipeline: missing product line item order_id=765392
[2026-05-25 15:52:03] ez_run_thankyou_booking_pipeline: missing product line item order_id=765400
[2026-05-25 15:52:31] ez_run_thankyou_booking_pipeline: missing product line item order_id=768546
[2026-05-25 15:52:33] ez_run_thankyou_booking_pipeline: missing product line item order_id=768552
[2026-05-25 15:52:41] ez_run_thankyou_booking_pipeline: missing product line item order_id=768956
[2026-05-25 15:52:43] ez_run_thankyou_booking_pipeline: missing product line item order_id=769077
[2026-05-25 15:52:45] ez_run_thankyou_booking_pipeline: missing product line item order_id=769078
[2026-05-25 15:52:50] zp_unverified_main: no order for authority A00000000000
[2026-05-25 15:52:50] zp_unverified_main: no order for authority A00000000000
[2026-05-25 15:52:50] zp_unverified_main: no order for authority A00000000000
[2026-05-25 15:52:50] zp_unverified_main: no order for authority A00000000000
[2026-05-25 15:52:50] zp_unverified_main: no order for authority A00000000000
[2026-05-25 15:52:50] zp_unverified_main: no order for authority A00000000000
[2026-05-25 15:53:09] ez_run_thankyou_booking_pipeline: missing product line item order_id=765392
[2026-05-25 15:53:11] ez_run_thankyou_booking_pipeline: missing product line item order_id=765400
[2026-05-25 15:53:34] ez_run_thankyou_booking_pipeline: missing product line item order_id=768546
[2026-05-25 15:53:36] ez_run_thankyou_booking_pipeline: missing product line item order_id=768552
[2026-05-25 15:53:44] ez_run_thankyou_booking_pipeline: missing product line item order_id=768956
[2026-05-25 15:53:45] ez_run_thankyou_booking_pipeline: missing product line item order_id=769077
[2026-05-25 15:53:47] ez_run_thankyou_booking_pipeline: missing product line item order_id=769078
[2026-05-25 15:57:09] ez_run_thankyou_booking_pipeline: missing product line item order_id=765392
[2026-05-25 15:57:11] ez_run_thankyou_booking_pipeline: missing product line item order_id=765400
[2026-05-25 15:57:36] ez_run_thankyou_booking_pipeline: missing product line item order_id=768546
[2026-05-25 15:57:38] ez_run_thankyou_booking_pipeline: missing product line item order_id=768552
[2026-05-25 15:57:46] ez_run_thankyou_booking_pipeline: missing product line item order_id=768956
[2026-05-25 15:57:47] ez_run_thankyou_booking_pipeline: missing product line item order_id=769077
[2026-05-25 15:57:49] ez_run_thankyou_booking_pipeline: missing product line item order_id=769078
[2026-05-25 15:58:15] zp_unverified_main: no order for authority A00000000000
[2026-05-25 15:58:15] zp_unverified_main: no order for authority A00000000000
[2026-05-25 15:58:15] zp_unverified_main: no order for authority A00000000000
[2026-05-25 15:58:15] zp_unverified_main: no order for authority A00000000000
[2026-05-25 15:58:15] zp_unverified_main: no order for authority A00000000000
[2026-05-25 15:58:15] zp_unverified_main: no order for authority A00000000000
[2026-05-25 16:30:09] ez_run_thankyou_booking_pipeline: missing product line item order_id=765392
[2026-05-25 16:30:19] ez_run_thankyou_booking_pipeline: missing product line item order_id=765400
[2026-05-25 16:31:08] ez_run_thankyou_booking_pipeline: missing product line item order_id=768546
[2026-05-25 16:31:10] ez_run_thankyou_booking_pipeline: missing product line item order_id=768552
[2026-05-25 16:31:20] ez_run_thankyou_booking_pipeline: missing product line item order_id=768956
[2026-05-25 16:31:22] ez_run_thankyou_booking_pipeline: missing product line item order_id=769077
[2026-05-25 16:31:23] zp_unverified_main: no order for authority A00000000000
[2026-05-25 16:31:23] zp_unverified_main: no order for authority A00000000000
[2026-05-25 16:31:23] zp_unverified_main: no order for authority A00000000000
[2026-05-25 16:31:23] zp_unverified_main: no order for authority A00000000000
[2026-05-25 16:31:23] zp_unverified_main: no order for authority A00000000000
[2026-05-25 16:31:23] zp_unverified_main: no order for authority A00000000000
[2026-05-25 16:31:23] ez_run_thankyou_booking_pipeline: missing product line item order_id=769078
[2026-05-25 16:33:33] ez_run_thankyou_booking_pipeline: missing product line item order_id=765392
[2026-05-25 16:33:34] ez_run_thankyou_booking_pipeline: missing product line item order_id=765400
[2026-05-25 16:34:01] ez_run_thankyou_booking_pipeline: missing product line item order_id=768546
[2026-05-25 16:34:03] ez_run_thankyou_booking_pipeline: missing product line item order_id=768552
[2026-05-25 16:34:11] ez_run_thankyou_booking_pipeline: missing product line item order_id=768956
[2026-05-25 16:34:13] ez_run_thankyou_booking_pipeline: missing product line item order_id=769077
[2026-05-25 16:34:17] ez_run_thankyou_booking_pipeline: missing product line item order_id=769078
[2026-05-25 16:34:43] zp_unverified_main: no order for authority A00000000000
[2026-05-25 16:34:43] zp_unverified_main: no order for authority A00000000000
[2026-05-25 16:34:43] zp_unverified_main: no order for authority A00000000000
[2026-05-25 16:34:43] zp_unverified_main: no order for authority A00000000000
[2026-05-25 16:34:43] zp_unverified_main: no order for authority A00000000000
[2026-05-25 16:34:43] zp_unverified_main: no order for authority A00000000000
[2026-05-25 16:35:08] ez_run_thankyou_booking_pipeline: missing product line item order_id=765392
[2026-05-25 16:35:10] ez_run_thankyou_booking_pipeline: missing product line item order_id=765400
[2026-05-25 16:35:33] ez_run_thankyou_booking_pipeline: missing product line item order_id=768546
[2026-05-25 16:35:34] ez_run_thankyou_booking_pipeline: missing product line item order_id=768552
[2026-05-25 16:35:43] ez_run_thankyou_booking_pipeline: missing product line item order_id=768956
[2026-05-25 16:35:44] ez_run_thankyou_booking_pipeline: missing product line item order_id=769077
[2026-05-25 16:35:46] ez_run_thankyou_booking_pipeline: missing product line item order_id=769078
[2026-05-25 16:36:20] [ez_zp_unverified] http error: cURL error 6: Could not resolve host: payment.zarinpal.com
